test_asn1: asn1
videotest: font gfxmenu video
odc: archelp
loopback: extcmd
macho:
gcry_des: crypto
memrw: extcmd
terminfo: extcmd
f2fs: fshelp
part_gpt:
romfs: fshelp
read: extcmd
lsefimmap:
aout:
gcry_arcfour: crypto
tftp: net
newc: archelp
minix2_be:
afsplitter: crypto
elf:
videotest_checksum: font functional_test video_fb
password_pbkdf2: crypto gcry_sha512 normal pbkdf2
gcry_seed: crypto
pcidump: extcmd
bsd: aout boot cpuid crypto elf extcmd gcry_md5 mmap relocator serial video
version:
sfs: fshelp
reiserfs: fshelp
part_sunpc:
zstd:
gfxmenu: bitmap bitmap_scale font gfxterm normal trig video video_colors
backtrace:
jfs:
help: extcmd normal
configfile: normal
cbls: cbtable
gfxterm_menu: font functional_test normal procfs video_fb
gcry_idea: crypto
tr: extcmd
shift_test: functional_test
ohci: boot cs5536 usb
afs: fshelp
spkmodem: terminfo
usb_keyboard: keylayouts usb
xzio: crypto
syslinuxcfg: extcmd normal
search_fs_file:
wrmsr:
usbms: scsi usb
test_blockarg: extcmd normal
increment:
true:
affs: fshelp
pkcs1_v15: mpi
iso9660: fshelp
exfat: fshelp
smbios: extcmd
setjmp_test: functional_test setjmp
efi_netfs: net
gfxterm: font video
efinet: net
disk:
appleldr: boot
appended_signature_test: functional_test procfs
xfs: fshelp
testspeed: extcmd normal
cpio_be: archelp
functional_test: btrfs extcmd video video_fb
bswap_test: functional_test
sleep: extcmd normal
memdisk:
gcry_rijndael: crypto
mdraid09_be: diskfilter
gettext:
gcry_sha1: crypto
hfspluscomp: gzio hfsplus
cmp: extcmd
random: hexdump
offsetio:
file: elf extcmd macho offsetio
usbserial_usbdebug: serial usb usbserial_common
video_colors:
morse:
hashsum: crypto extcmd normal
usb:
halt: acpi
gfxterm_background: bitmap bitmap_scale extcmd gfxterm video video_colors
search_fs_uuid:
gcry_dsa: crypto mpi
keystatus: extcmd
linux: boot mmap relocator video
geli: crypto cryptodisk gcry_sha256 gcry_sha512 pbkdf2
cmdline_cat_test: font functional_test normal procfs video_fb
rdmsr: extcmd
part_sun:
cbtable:
pbkdf2_test: functional_test gcry_sha1 pbkdf2
video_bochs: video video_fb
bufio:
usbserial_ftdi: serial usb usbserial_common
legacy_password_test: functional_test legacycfg
cpuid: extcmd
blscfg: extcmd loadenv normal
hdparm: extcmd hexdump
bfs: fshelp
gcry_blowfish: crypto
test:
nilfs2: fshelp
gcry_rsa: crypto mpi
cryptodisk: crypto extcmd procfs
nativedisk:
minicmd:
signature_test: functional_test procfs
ata: scsi
udf: fshelp
connectefi:
gzio: gcry_crc
xnu_uuid: gcry_md5
uhci: usb
pata: ata
mul_test: functional_test
adler32: crypto
terminal:
div:
ehci: boot cs5536 usb
crypto:
part_bsd: part_msdos
luks2: afsplitter crypto cryptodisk json pbkdf2
cs5536:
gcry_sha512: crypto
password: crypto normal
fshelp:
sleep_test: datetime functional_test
iorw: extcmd
efitextmode:
bli: part_gpt
xnu: bitmap bitmap_scale boot extcmd macho mmap random relocator video
mmap:
exfctest: functional_test
zfsinfo: zfs
ldm: diskfilter part_gpt part_msdos
eval: normal
part_dvh:
lssal:
ext2: fshelp
blocklist:
net: boot bufio datetime priority_queue
part_acorn:
videoinfo: video
btrfs: extcmd gzio lzopio raid6rec zstd
lsmmap: mmap
strtoull_test: functional_test
bitmap:
ntfs: fshelp
multiboot: boot elf linux mmap net relocator video
tpm:
gcry_crc: crypto
png: bitmap bufio
json:
jpeg: bitmap bufio
macbless: disk
div_test: div functional_test
regexp: extcmd normal
parttool: normal
usbserial_pl2303: serial usb usbserial_common
cpio: archelp
gcry_rmd160: crypto
fat: fshelp
ufs1_be:
archelp:
http: net
zfs: gzio
raid6rec: diskfilter
lsefisystab:
minix2:
lsacpi: acpi extcmd
datehook: datetime
loadenv: disk extcmd
bitmap_scale: bitmap
probe: extcmd
minix3:
tar: archelp
loadbios:
hfs: fshelp
procfs: archelp
boot:
keylayouts:
progress: normal
kernel:
usbtest: usb
relocator: mmap
acpi: extcmd mmap
tga: bitmap bufio
reboot:
serial: extcmd terminfo
zfscrypt: crypto extcmd gcry_rijndael gcry_sha1 pbkdf2 zfs
efi_uga: video video_fb
dm_nv: diskfilter
cmp_test: functional_test
luks: afsplitter crypto cryptodisk pbkdf2
asn1:
font: bufio video
raid5rec: diskfilter
crc64: crypto
datetime:
efifwsetup:
ctz_test: functional_test
video:
cbmemc: cbtable normal terminfo
hfsplus: fshelp
gcry_cast5: crypto
extcmd:
squash4: fshelp gzio lzopio xzio
part_plan:
minix_be:
gcry_whirlpool: crypto
gcry_tiger: crypto
fixvideo:
search: extcmd search_fs_file search_fs_uuid search_label
lspci: extcmd
cbtime: cbtable
video_fb:
minix3_be:
trig:
msdospart: disk parttool
priority_queue:
gcry_twofish: crypto
plainmount: crypto cryptodisk extcmd
part_dfly:
xnu_uuid_test: functional_test
appendedsig: asn1 crypto gcry_rsa mpi pkcs1_v15
diskfilter:
testload:
part_apple:
hexdump: extcmd
date: datetime
pbkdf2: crypto
gcry_sha256: crypto
ls: datetime extcmd normal
usbserial_common: serial usb
ntfscomp: ntfs
lzopio: crypto
video_cirrus: video video_fb
hello: extcmd
scsi:
cat: extcmd
ahci: ata boot
pgp: crypto extcmd gcry_sha1 mpi pkcs1_v15
normal: boot bufio crypto cryptodisk datetime extcmd gettext net terminal
ufs1:
mdraid09: diskfilter
lvm: diskfilter
chain: boot efinet net
cbfs: archelp
ufs2:
time:
setpci: extcmd
gptsync: disk
search_label:
efienv: loadenv
setjmp:
multiboot2: acpi boot elf linux mmap net relocator video
gcry_rfc2268: crypto
mdraid1x: diskfilter
mpi: crypto
legacycfg: crypto gcry_md5 normal password
play:
part_amiga:
efi_gop: video video_fb
minix:
echo: extcmd
lsefi:
gcry_serpent: crypto
gcry_md4: crypto
gcry_md5: crypto
part_msdos:
gcry_camellia: crypto
at_keyboard: boot keylayouts
all_video: efi_gop efi_uga video_bochs video_cirrus
